2023-04-16 19:19:52.876 [main] INFO  org.example.Main - [FACTORIAL] - 5.0
2023-04-16 19:19:52.878 [main] INFO  org.example.Main - [RESULT - FACTORIAL] - 120.0
2023-04-16 19:19:52.878 [main] INFO  org.example.Main - [FACTORIAL] - 6.0
2023-04-16 19:19:52.878 [main] INFO  org.example.Main - [RESULT - FACTORIAL] - 720.0
2023-04-16 19:19:52.879 [main] INFO  org.example.Main - [FACTORIAL] - 4.0
2023-04-16 19:19:52.879 [main] INFO  org.example.Main - [RESULT - FACTORIAL] - 24.0
2023-04-16 19:19:52.879 [main] INFO  org.example.Main - [FACTORIAL] - 2.0
2023-04-16 19:19:52.879 [main] INFO  org.example.Main - [RESULT - FACTORIAL] - 2.0
2023-04-16 19:19:52.879 [main] INFO  org.example.Main - [FACTORIAL] - 0.0
2023-04-16 19:19:52.880 [main] INFO  org.example.Main - [RESULT - FACTORIAL] - 1.0
2023-04-16 19:19:52.881 [main] INFO  org.example.Main - [SQUARE ROOT] - 16.0
2023-04-16 19:19:52.881 [main] INFO  org.example.Main - [RESULT - SQUARE ROOT] - 4.0
2023-04-16 19:19:52.882 [main] INFO  org.example.Main - [SQUARE ROOT] - 1.0
2023-04-16 19:19:52.882 [main] INFO  org.example.Main - [RESULT - SQUARE ROOT] - 1.0
2023-04-16 19:19:52.882 [main] INFO  org.example.Main - [SQUARE ROOT] - 81.0
2023-04-16 19:19:52.882 [main] INFO  org.example.Main - [RESULT - SQUARE ROOT] - 9.0
2023-04-16 19:19:52.883 [main] INFO  org.example.Main - [SQUARE ROOT] - 36.0
2023-04-16 19:19:52.883 [main] INFO  org.example.Main - [RESULT - SQUARE ROOT] - 6.0
2023-04-16 19:19:52.889 [main] INFO  org.example.Main - [ADDITION] - 4.56 TO 2.34
2023-04-16 19:19:52.889 [main] INFO  org.example.Main - [RESULT - ADDITION] - 6.8999999999999995
2023-04-16 19:19:52.889 [main] INFO  org.example.Main - [ADDITION] - 3.45672 TO 9.0
2023-04-16 19:19:52.890 [main] INFO  org.example.Main - [RESULT - ADDITION] - 12.45672
2023-04-16 19:19:52.890 [main] INFO  org.example.Main - [ADDITION] - 4.0 TO 2.3221
2023-04-16 19:19:52.891 [main] INFO  org.example.Main - [RESULT - ADDITION] - 6.3221
2023-04-16 19:19:52.892 [main] INFO  org.example.Main - [ADDITION] - 3.0 TO 9.0
2023-04-16 19:19:52.892 [main] INFO  org.example.Main - [RESULT - ADDITION] - 12.0
2023-04-16 19:19:52.893 [main] INFO  org.example.Main - [SQUARE ROOT] - 3.0
2023-04-16 19:19:52.893 [main] INFO  org.example.Main - [RESULT - SQUARE ROOT] - 1.7320508075688772
2023-04-16 19:19:52.893 [main] INFO  org.example.Main - [SQUARE ROOT] - 4.0
2023-04-16 19:19:52.893 [main] INFO  org.example.Main - [RESULT - SQUARE ROOT] - 2.0
2023-04-16 19:19:52.894 [main] INFO  org.example.Main - [SQUARE ROOT] - 81.0
2023-04-16 19:19:52.894 [main] INFO  org.example.Main - [RESULT - SQUARE ROOT] - 9.0
2023-04-16 19:19:52.894 [main] INFO  org.example.Main - [SQUARE ROOT] - 36.0
2023-04-16 19:19:52.894 [main] INFO  org.example.Main - [RESULT - SQUARE ROOT] - 6.0
2023-04-16 19:19:52.895 [main] INFO  org.example.Main - [SUBTRACTION] - 4.0 FROM 78.3221
2023-04-16 19:19:52.895 [main] INFO  org.example.Main - [RESULT - SUBTRACTION] - 74.3221
2023-04-16 19:19:52.896 [main] INFO  org.example.Main - [SUBTRACTION] - 1.0 FROM 9.0
2023-04-16 19:19:52.896 [main] INFO  org.example.Main - [RESULT - SUBTRACTION] - 8.0
2023-04-16 19:19:52.897 [main] INFO  org.example.Main - [NATURAL LOG] - 1.0
2023-04-16 19:19:52.897 [main] INFO  org.example.Main - [RESULT - NATURAL LOG] - 0.0
2023-04-16 19:19:52.898 [main] INFO  org.example.Main - [FACTORIAL] - 6.0
2023-04-16 19:19:52.898 [main] INFO  org.example.Main - [RESULT - FACTORIAL] - 720.0
2023-04-16 19:19:52.898 [main] INFO  org.example.Main - [FACTORIAL] - 1.0
2023-04-16 19:19:52.898 [main] INFO  org.example.Main - [RESULT - FACTORIAL] - 1.0
2023-04-16 19:19:52.898 [main] INFO  org.example.Main - [FACTORIAL] - 3.0
2023-04-16 19:19:52.898 [main] INFO  org.example.Main - [RESULT - FACTORIAL] - 6.0
2023-04-16 19:19:52.899 [main] INFO  org.example.Main - [FACTORIAL] - 4.0
2023-04-16 19:19:52.899 [main] INFO  org.example.Main - [RESULT - FACTORIAL] - 24.0
2023-04-16 19:19:52.899 [main] INFO  org.example.Main - [FACTORIAL] - 0.0
2023-04-16 19:19:52.899 [main] INFO  org.example.Main - [RESULT - FACTORIAL] - 1.0
2023-04-16 19:19:52.900 [main] INFO  org.example.Main - [MULTIPLICATION] - 0.678 TO 2.34
2023-04-16 19:19:52.900 [main] INFO  org.example.Main - [RESULT - MULTIPLICATION] - 1.58652
2023-04-16 19:19:52.900 [main] INFO  org.example.Main - [MULTIPLICATION] - 0.0 TO 9.87
2023-04-16 19:19:52.901 [main] INFO  org.example.Main - [RESULT - MULTIPLICATION] - 0.0
2023-04-16 19:19:52.901 [main] INFO  org.example.Main - [POWER - 2.0 RAISED TO] 3.0
2023-04-16 19:19:52.902 [main] INFO  org.example.Main - [RESULT - POWER] - 8.0
2023-04-16 19:19:52.902 [main] INFO  org.example.Main - [POWER - 3.0 RAISED TO] 3.0
2023-04-16 19:19:52.902 [main] INFO  org.example.Main - [RESULT - POWER] - 27.0
2023-04-16 19:19:52.902 [main] INFO  org.example.Main - [POWER - 4.0 RAISED TO] 3.0
2023-04-16 19:19:52.902 [main] INFO  org.example.Main - [RESULT - POWER] - 64.0
2023-04-16 19:19:52.902 [main] INFO  org.example.Main - [POWER - 5.0 RAISED TO] 3.0
2023-04-16 19:19:52.903 [main] INFO  org.example.Main - [RESULT - POWER] - 125.0
2023-04-16 19:19:52.903 [main] INFO  org.example.Main - [MULTIPLICATION] - 4.0 TO 78.3221
2023-04-16 19:19:52.903 [main] INFO  org.example.Main - [RESULT - MULTIPLICATION] - 313.2884
2023-04-16 19:19:52.903 [main] INFO  org.example.Main - [MULTIPLICATION] - 1.0 TO 9.0
2023-04-16 19:19:52.904 [main] INFO  org.example.Main - [RESULT - MULTIPLICATION] - 9.0
2023-04-16 19:19:52.904 [main] INFO  org.example.Main - [DIVISION] - 0.678 BY 2.34
2023-04-16 19:19:52.905 [main] INFO  org.example.Main - [RESULT - DIVISION] - 3.451327433628318
2023-04-16 19:19:52.905 [main] INFO  org.example.Main - [DIVISION] - 1.0 BY 9.87
2023-04-16 19:19:52.905 [main] INFO  org.example.Main - [RESULT - DIVISION] - 9.87
2023-04-16 19:19:52.905 [main] INFO  org.example.Main - [POWER - 2.0 RAISED TO] 3.0
2023-04-16 19:19:52.906 [main] INFO  org.example.Main - [RESULT - POWER] - 8.0
2023-04-16 19:19:52.906 [main] INFO  org.example.Main - [POWER - 1.0 RAISED TO] 3.0
2023-04-16 19:19:52.906 [main] INFO  org.example.Main - [RESULT - POWER] - 1.0
2023-04-16 19:19:52.906 [main] INFO  org.example.Main - [POWER - 3.0 RAISED TO] 4.0
2023-04-16 19:19:52.906 [main] INFO  org.example.Main - [RESULT - POWER] - 81.0
2023-04-16 19:19:52.906 [main] INFO  org.example.Main - [POWER - 4.0 RAISED TO] 3.0
2023-04-16 19:19:52.906 [main] INFO  org.example.Main - [RESULT - POWER] - 64.0
2023-04-16 19:19:52.907 [main] INFO  org.example.Main - [POWER - 5.0 RAISED TO] 2.0
2023-04-16 19:19:52.907 [main] INFO  org.example.Main - [RESULT - POWER] - 25.0
2023-04-16 19:19:52.907 [main] INFO  org.example.Main - [NATURAL LOG] - 2.4
2023-04-16 19:19:52.908 [main] INFO  org.example.Main - [RESULT - NATURAL LOG] - 0.8754687373538999
2023-04-16 19:19:52.908 [main] INFO  org.example.Main - [NATURAL LOG] - 2.1
2023-04-16 19:19:52.908 [main] INFO  org.example.Main - [RESULT - NATURAL LOG] - 0.7419373447293773
2023-04-16 19:19:52.909 [main] INFO  org.example.Main - [DIVISION] - 4.0 BY 78.3221
2023-04-16 19:19:52.909 [main] INFO  org.example.Main - [RESULT - DIVISION] - 19.580525
2023-04-16 19:19:52.909 [main] INFO  org.example.Main - [DIVISION] - 1.0 BY 9.0
2023-04-16 19:19:52.909 [main] INFO  org.example.Main - [RESULT - DIVISION] - 9.0
2023-04-16 19:19:52.910 [main] INFO  org.example.Main - [SUBTRACTION] - 0.678 FROM 2.34
2023-04-16 19:19:52.911 [main] INFO  org.example.Main - [RESULT - SUBTRACTION] - 1.662
2023-04-16 19:19:52.911 [main] INFO  org.example.Main - [SUBTRACTION] - 3.45672 FROM 9.0
2023-04-16 19:19:52.911 [main] INFO  org.example.Main - [RESULT - SUBTRACTION] - 5.54328
2023-04-16 19:29:58.864 [main] INFO  org.example.Main - [FACTORIAL] - 5.0
2023-04-16 19:29:58.866 [main] INFO  org.example.Main - [RESULT - FACTORIAL] - 120.0
2023-04-16 19:29:58.866 [main] INFO  org.example.Main - [FACTORIAL] - 6.0
2023-04-16 19:29:58.866 [main] INFO  org.example.Main - [RESULT - FACTORIAL] - 720.0
2023-04-16 19:29:58.866 [main] INFO  org.example.Main - [FACTORIAL] - 4.0
2023-04-16 19:29:58.867 [main] INFO  org.example.Main - [RESULT - FACTORIAL] - 24.0
2023-04-16 19:29:58.867 [main] INFO  org.example.Main - [FACTORIAL] - 2.0
2023-04-16 19:29:58.867 [main] INFO  org.example.Main - [RESULT - FACTORIAL] - 2.0
2023-04-16 19:29:58.867 [main] INFO  org.example.Main - [FACTORIAL] - 0.0
2023-04-16 19:29:58.867 [main] INFO  org.example.Main - [RESULT - FACTORIAL] - 1.0
2023-04-16 19:29:58.868 [main] INFO  org.example.Main - [SQUARE ROOT] - 16.0
2023-04-16 19:29:58.869 [main] INFO  org.example.Main - [RESULT - SQUARE ROOT] - 4.0
2023-04-16 19:29:58.869 [main] INFO  org.example.Main - [SQUARE ROOT] - 1.0
2023-04-16 19:29:58.869 [main] INFO  org.example.Main - [RESULT - SQUARE ROOT] - 1.0
2023-04-16 19:29:58.869 [main] INFO  org.example.Main - [SQUARE ROOT] - 81.0
2023-04-16 19:29:58.869 [main] INFO  org.example.Main - [RESULT - SQUARE ROOT] - 9.0
2023-04-16 19:29:58.869 [main] INFO  org.example.Main - [SQUARE ROOT] - 36.0
2023-04-16 19:29:58.870 [main] INFO  org.example.Main - [RESULT - SQUARE ROOT] - 6.0
2023-04-16 19:29:58.875 [main] INFO  org.example.Main - [ADDITION] - 4.56 TO 2.34
2023-04-16 19:29:58.875 [main] INFO  org.example.Main - [RESULT - ADDITION] - 6.8999999999999995
2023-04-16 19:29:58.875 [main] INFO  org.example.Main - [ADDITION] - 3.45672 TO 9.0
2023-04-16 19:29:58.875 [main] INFO  org.example.Main - [RESULT - ADDITION] - 12.45672
2023-04-16 19:29:58.876 [main] INFO  org.example.Main - [ADDITION] - 4.0 TO 2.3221
2023-04-16 19:29:58.876 [main] INFO  org.example.Main - [RESULT - ADDITION] - 6.3221
2023-04-16 19:29:58.876 [main] INFO  org.example.Main - [ADDITION] - 3.0 TO 9.0
2023-04-16 19:29:58.876 [main] INFO  org.example.Main - [RESULT - ADDITION] - 12.0
2023-04-16 19:29:58.877 [main] INFO  org.example.Main - [SQUARE ROOT] - 3.0
2023-04-16 19:29:58.877 [main] INFO  org.example.Main - [RESULT - SQUARE ROOT] - 1.7320508075688772
2023-04-16 19:29:58.877 [main] INFO  org.example.Main - [SQUARE ROOT] - 4.0
2023-04-16 19:29:58.877 [main] INFO  org.example.Main - [RESULT - SQUARE ROOT] - 2.0
2023-04-16 19:29:58.877 [main] INFO  org.example.Main - [SQUARE ROOT] - 81.0
2023-04-16 19:29:58.878 [main] INFO  org.example.Main - [RESULT - SQUARE ROOT] - 9.0
2023-04-16 19:29:58.878 [main] INFO  org.example.Main - [SQUARE ROOT] - 36.0
2023-04-16 19:29:58.878 [main] INFO  org.example.Main - [RESULT - SQUARE ROOT] - 6.0
2023-04-16 19:29:58.879 [main] INFO  org.example.Main - [SUBTRACTION] - 4.0 FROM 78.3221
2023-04-16 19:29:58.879 [main] INFO  org.example.Main - [RESULT - SUBTRACTION] - 74.3221
2023-04-16 19:29:58.879 [main] INFO  org.example.Main - [SUBTRACTION] - 1.0 FROM 9.0
2023-04-16 19:29:58.880 [main] INFO  org.example.Main - [RESULT - SUBTRACTION] - 8.0
2023-04-16 19:29:58.880 [main] INFO  org.example.Main - [NATURAL LOG] - 1.0
2023-04-16 19:29:58.881 [main] INFO  org.example.Main - [RESULT - NATURAL LOG] - 0.0
2023-04-16 19:29:58.881 [main] INFO  org.example.Main - [FACTORIAL] - 6.0
2023-04-16 19:29:58.881 [main] INFO  org.example.Main - [RESULT - FACTORIAL] - 720.0
2023-04-16 19:29:58.882 [main] INFO  org.example.Main - [FACTORIAL] - 1.0
2023-04-16 19:29:58.882 [main] INFO  org.example.Main - [RESULT - FACTORIAL] - 1.0
2023-04-16 19:29:58.882 [main] INFO  org.example.Main - [FACTORIAL] - 3.0
2023-04-16 19:29:58.882 [main] INFO  org.example.Main - [RESULT - FACTORIAL] - 6.0
2023-04-16 19:29:58.882 [main] INFO  org.example.Main - [FACTORIAL] - 4.0
2023-04-16 19:29:58.882 [main] INFO  org.example.Main - [RESULT - FACTORIAL] - 24.0
2023-04-16 19:29:58.883 [main] INFO  org.example.Main - [FACTORIAL] - 0.0
2023-04-16 19:29:58.883 [main] INFO  org.example.Main - [RESULT - FACTORIAL] - 1.0
2023-04-16 19:29:58.883 [main] INFO  org.example.Main - [MULTIPLICATION] - 0.678 TO 2.34
2023-04-16 19:29:58.884 [main] INFO  org.example.Main - [RESULT - MULTIPLICATION] - 1.58652
2023-04-16 19:29:58.884 [main] INFO  org.example.Main - [MULTIPLICATION] - 0.0 TO 9.87
2023-04-16 19:29:58.884 [main] INFO  org.example.Main - [RESULT - MULTIPLICATION] - 0.0
2023-04-16 19:29:58.885 [main] INFO  org.example.Main - [POWER - 2.0 RAISED TO] 3.0
2023-04-16 19:29:58.885 [main] INFO  org.example.Main - [RESULT - POWER] - 8.0
2023-04-16 19:29:58.886 [main] INFO  org.example.Main - [POWER - 3.0 RAISED TO] 3.0
2023-04-16 19:29:58.886 [main] INFO  org.example.Main - [RESULT - POWER] - 27.0
2023-04-16 19:29:58.886 [main] INFO  org.example.Main - [POWER - 4.0 RAISED TO] 3.0
2023-04-16 19:29:58.886 [main] INFO  org.example.Main - [RESULT - POWER] - 64.0
2023-04-16 19:29:58.886 [main] INFO  org.example.Main - [POWER - 5.0 RAISED TO] 3.0
2023-04-16 19:29:58.886 [main] INFO  org.example.Main - [RESULT - POWER] - 125.0
2023-04-16 19:29:58.887 [main] INFO  org.example.Main - [MULTIPLICATION] - 4.0 TO 78.3221
2023-04-16 19:29:58.887 [main] INFO  org.example.Main - [RESULT - MULTIPLICATION] - 313.2884
2023-04-16 19:29:58.888 [main] INFO  org.example.Main - [MULTIPLICATION] - 1.0 TO 9.0
2023-04-16 19:29:58.888 [main] INFO  org.example.Main - [RESULT - MULTIPLICATION] - 9.0
2023-04-16 19:29:58.889 [main] INFO  org.example.Main - [DIVISION] - 0.678 BY 2.34
2023-04-16 19:29:58.889 [main] INFO  org.example.Main - [RESULT - DIVISION] - 3.451327433628318
2023-04-16 19:29:58.890 [main] INFO  org.example.Main - [DIVISION] - 1.0 BY 9.87
2023-04-16 19:29:58.890 [main] INFO  org.example.Main - [RESULT - DIVISION] - 9.87
2023-04-16 19:29:58.890 [main] INFO  org.example.Main - [POWER - 2.0 RAISED TO] 3.0
2023-04-16 19:29:58.890 [main] INFO  org.example.Main - [RESULT - POWER] - 8.0
2023-04-16 19:29:58.890 [main] INFO  org.example.Main - [POWER - 1.0 RAISED TO] 3.0
2023-04-16 19:29:58.890 [main] INFO  org.example.Main - [RESULT - POWER] - 1.0
2023-04-16 19:29:58.891 [main] INFO  org.example.Main - [POWER - 3.0 RAISED TO] 4.0
2023-04-16 19:29:58.891 [main] INFO  org.example.Main - [RESULT - POWER] - 81.0
2023-04-16 19:29:58.891 [main] INFO  org.example.Main - [POWER - 4.0 RAISED TO] 3.0
2023-04-16 19:29:58.891 [main] INFO  org.example.Main - [RESULT - POWER] - 64.0
2023-04-16 19:29:58.891 [main] INFO  org.example.Main - [POWER - 5.0 RAISED TO] 2.0
2023-04-16 19:29:58.891 [main] INFO  org.example.Main - [RESULT - POWER] - 25.0
2023-04-16 19:29:58.892 [main] INFO  org.example.Main - [NATURAL LOG] - 2.4
2023-04-16 19:29:58.892 [main] INFO  org.example.Main - [RESULT - NATURAL LOG] - 0.8754687373538999
2023-04-16 19:29:58.892 [main] INFO  org.example.Main - [NATURAL LOG] - 2.1
2023-04-16 19:29:58.893 [main] INFO  org.example.Main - [RESULT - NATURAL LOG] - 0.7419373447293773
2023-04-16 19:29:58.893 [main] INFO  org.example.Main - [DIVISION] - 4.0 BY 78.3221
2023-04-16 19:29:58.893 [main] INFO  org.example.Main - [RESULT - DIVISION] - 19.580525
2023-04-16 19:29:58.894 [main] INFO  org.example.Main - [DIVISION] - 1.0 BY 9.0
2023-04-16 19:29:58.894 [main] INFO  org.example.Main - [RESULT - DIVISION] - 9.0
2023-04-16 19:29:58.895 [main] INFO  org.example.Main - [SUBTRACTION] - 0.678 FROM 2.34
2023-04-16 19:29:58.895 [main] INFO  org.example.Main - [RESULT - SUBTRACTION] - 1.662
2023-04-16 19:29:58.895 [main] INFO  org.example.Main - [SUBTRACTION] - 3.45672 FROM 9.0
2023-04-16 19:29:58.895 [main] INFO  org.example.Main - [RESULT - SUBTRACTION] - 5.54328
2023-04-16 19:34:56.558 [main] INFO  org.example.Main - [FACTORIAL] - 5.0
2023-04-16 19:34:56.559 [main] INFO  org.example.Main - [RESULT - FACTORIAL] - 120.0
2023-04-16 19:34:56.560 [main] INFO  org.example.Main - [FACTORIAL] - 6.0
2023-04-16 19:34:56.560 [main] INFO  org.example.Main - [RESULT - FACTORIAL] - 720.0
2023-04-16 19:34:56.560 [main] INFO  org.example.Main - [FACTORIAL] - 4.0
2023-04-16 19:34:56.560 [main] INFO  org.example.Main - [RESULT - FACTORIAL] - 24.0
2023-04-16 19:34:56.560 [main] INFO  org.example.Main - [FACTORIAL] - 2.0
2023-04-16 19:34:56.560 [main] INFO  org.example.Main - [RESULT - FACTORIAL] - 2.0
2023-04-16 19:34:56.560 [main] INFO  org.example.Main - [FACTORIAL] - 0.0
2023-04-16 19:34:56.561 [main] INFO  org.example.Main - [RESULT - FACTORIAL] - 1.0
2023-04-16 19:34:56.562 [main] INFO  org.example.Main - [SQUARE ROOT] - 16.0
2023-04-16 19:34:56.562 [main] INFO  org.example.Main - [RESULT - SQUARE ROOT] - 4.0
2023-04-16 19:34:56.562 [main] INFO  org.example.Main - [SQUARE ROOT] - 1.0
2023-04-16 19:34:56.562 [main] INFO  org.example.Main - [RESULT - SQUARE ROOT] - 1.0
2023-04-16 19:34:56.563 [main] INFO  org.example.Main - [SQUARE ROOT] - 81.0
2023-04-16 19:34:56.563 [main] INFO  org.example.Main - [RESULT - SQUARE ROOT] - 9.0
2023-04-16 19:34:56.563 [main] INFO  org.example.Main - [SQUARE ROOT] - 36.0
2023-04-16 19:34:56.563 [main] INFO  org.example.Main - [RESULT - SQUARE ROOT] - 6.0
2023-04-16 19:34:56.569 [main] INFO  org.example.Main - [ADDITION] - 4.56 TO 2.34
2023-04-16 19:34:56.570 [main] INFO  org.example.Main - [RESULT - ADDITION] - 6.8999999999999995
2023-04-16 19:34:56.570 [main] INFO  org.example.Main - [ADDITION] - 3.45672 TO 9.0
2023-04-16 19:34:56.570 [main] INFO  org.example.Main - [RESULT - ADDITION] - 12.45672
2023-04-16 19:34:56.571 [main] INFO  org.example.Main - [ADDITION] - 4.0 TO 2.3221
2023-04-16 19:34:56.571 [main] INFO  org.example.Main - [RESULT - ADDITION] - 6.3221
2023-04-16 19:34:56.571 [main] INFO  org.example.Main - [ADDITION] - 3.0 TO 9.0
2023-04-16 19:34:56.571 [main] INFO  org.example.Main - [RESULT - ADDITION] - 12.0
2023-04-16 19:34:56.571 [main] INFO  org.example.Main - [SQUARE ROOT] - 3.0
2023-04-16 19:34:56.572 [main] INFO  org.example.Main - [RESULT - SQUARE ROOT] - 1.7320508075688772
2023-04-16 19:34:56.572 [main] INFO  org.example.Main - [SQUARE ROOT] - 4.0
2023-04-16 19:34:56.572 [main] INFO  org.example.Main - [RESULT - SQUARE ROOT] - 2.0
2023-04-16 19:34:56.572 [main] INFO  org.example.Main - [SQUARE ROOT] - 81.0
2023-04-16 19:34:56.572 [main] INFO  org.example.Main - [RESULT - SQUARE ROOT] - 9.0
2023-04-16 19:34:56.572 [main] INFO  org.example.Main - [SQUARE ROOT] - 36.0
2023-04-16 19:34:56.573 [main] INFO  org.example.Main - [RESULT - SQUARE ROOT] - 6.0
2023-04-16 19:34:56.573 [main] INFO  org.example.Main - [SUBTRACTION] - 4.0 FROM 78.3221
2023-04-16 19:34:56.574 [main] INFO  org.example.Main - [RESULT - SUBTRACTION] - 74.3221
2023-04-16 19:34:56.574 [main] INFO  org.example.Main - [SUBTRACTION] - 1.0 FROM 9.0
2023-04-16 19:34:56.574 [main] INFO  org.example.Main - [RESULT - SUBTRACTION] - 8.0
2023-04-16 19:34:56.575 [main] INFO  org.example.Main - [NATURAL LOG] - 1.0
2023-04-16 19:34:56.575 [main] INFO  org.example.Main - [RESULT - NATURAL LOG] - 0.0
2023-04-16 19:34:56.576 [main] INFO  org.example.Main - [FACTORIAL] - 6.0
2023-04-16 19:34:56.576 [main] INFO  org.example.Main - [RESULT - FACTORIAL] - 720.0
2023-04-16 19:34:56.576 [main] INFO  org.example.Main - [FACTORIAL] - 1.0
2023-04-16 19:34:56.576 [main] INFO  org.example.Main - [RESULT - FACTORIAL] - 1.0
2023-04-16 19:34:56.577 [main] INFO  org.example.Main - [FACTORIAL] - 3.0
2023-04-16 19:34:56.577 [main] INFO  org.example.Main - [RESULT - FACTORIAL] - 6.0
2023-04-16 19:34:56.577 [main] INFO  org.example.Main - [FACTORIAL] - 4.0
2023-04-16 19:34:56.577 [main] INFO  org.example.Main - [RESULT - FACTORIAL] - 24.0
2023-04-16 19:34:56.577 [main] INFO  org.example.Main - [FACTORIAL] - 0.0
2023-04-16 19:34:56.577 [main] INFO  org.example.Main - [RESULT - FACTORIAL] - 1.0
2023-04-16 19:34:56.578 [main] INFO  org.example.Main - [MULTIPLICATION] - 0.678 TO 2.34
2023-04-16 19:34:56.579 [main] INFO  org.example.Main - [RESULT - MULTIPLICATION] - 1.58652
2023-04-16 19:34:56.579 [main] INFO  org.example.Main - [MULTIPLICATION] - 0.0 TO 9.87
2023-04-16 19:34:56.579 [main] INFO  org.example.Main - [RESULT - MULTIPLICATION] - 0.0
2023-04-16 19:34:56.580 [main] INFO  org.example.Main - [POWER - 2.0 RAISED TO] 3.0
2023-04-16 19:34:56.580 [main] INFO  org.example.Main - [RESULT - POWER] - 8.0
2023-04-16 19:34:56.580 [main] INFO  org.example.Main - [POWER - 3.0 RAISED TO] 3.0
2023-04-16 19:34:56.580 [main] INFO  org.example.Main - [RESULT - POWER] - 27.0
2023-04-16 19:34:56.580 [main] INFO  org.example.Main - [POWER - 4.0 RAISED TO] 3.0
2023-04-16 19:34:56.581 [main] INFO  org.example.Main - [RESULT - POWER] - 64.0
2023-04-16 19:34:56.581 [main] INFO  org.example.Main - [POWER - 5.0 RAISED TO] 3.0
2023-04-16 19:34:56.581 [main] INFO  org.example.Main - [RESULT - POWER] - 125.0
2023-04-16 19:34:56.581 [main] INFO  org.example.Main - [MULTIPLICATION] - 4.0 TO 78.3221
2023-04-16 19:34:56.581 [main] INFO  org.example.Main - [RESULT - MULTIPLICATION] - 313.2884
2023-04-16 19:34:56.582 [main] INFO  org.example.Main - [MULTIPLICATION] - 1.0 TO 9.0
2023-04-16 19:34:56.582 [main] INFO  org.example.Main - [RESULT - MULTIPLICATION] - 9.0
2023-04-16 19:34:56.582 [main] INFO  org.example.Main - [DIVISION] - 0.678 BY 2.34
2023-04-16 19:34:56.583 [main] INFO  org.example.Main - [RESULT - DIVISION] - 3.451327433628318
2023-04-16 19:34:56.583 [main] INFO  org.example.Main - [DIVISION] - 1.0 BY 9.87
2023-04-16 19:34:56.583 [main] INFO  org.example.Main - [RESULT - DIVISION] - 9.87
2023-04-16 19:34:56.583 [main] INFO  org.example.Main - [POWER - 2.0 RAISED TO] 3.0
2023-04-16 19:34:56.584 [main] INFO  org.example.Main - [RESULT - POWER] - 8.0
2023-04-16 19:34:56.584 [main] INFO  org.example.Main - [POWER - 1.0 RAISED TO] 3.0
2023-04-16 19:34:56.584 [main] INFO  org.example.Main - [RESULT - POWER] - 1.0
2023-04-16 19:34:56.584 [main] INFO  org.example.Main - [POWER - 3.0 RAISED TO] 4.0
2023-04-16 19:34:56.584 [main] INFO  org.example.Main - [RESULT - POWER] - 81.0
2023-04-16 19:34:56.584 [main] INFO  org.example.Main - [POWER - 4.0 RAISED TO] 3.0
2023-04-16 19:34:56.584 [main] INFO  org.example.Main - [RESULT - POWER] - 64.0
2023-04-16 19:34:56.585 [main] INFO  org.example.Main - [POWER - 5.0 RAISED TO] 2.0
2023-04-16 19:34:56.585 [main] INFO  org.example.Main - [RESULT - POWER] - 25.0
2023-04-16 19:34:56.585 [main] INFO  org.example.Main - [NATURAL LOG] - 2.4
2023-04-16 19:34:56.585 [main] INFO  org.example.Main - [RESULT - NATURAL LOG] - 0.8754687373538999
2023-04-16 19:34:56.585 [main] INFO  org.example.Main - [NATURAL LOG] - 2.1
2023-04-16 19:34:56.586 [main] INFO  org.example.Main - [RESULT - NATURAL LOG] - 0.7419373447293773
2023-04-16 19:34:56.586 [main] INFO  org.example.Main - [DIVISION] - 4.0 BY 78.3221
2023-04-16 19:34:56.586 [main] INFO  org.example.Main - [RESULT - DIVISION] - 19.580525
2023-04-16 19:34:56.586 [main] INFO  org.example.Main - [DIVISION] - 1.0 BY 9.0
2023-04-16 19:34:56.586 [main] INFO  org.example.Main - [RESULT - DIVISION] - 9.0
2023-04-16 19:34:56.587 [main] INFO  org.example.Main - [SUBTRACTION] - 0.678 FROM 2.34
2023-04-16 19:34:56.587 [main] INFO  org.example.Main - [RESULT - SUBTRACTION] - 1.662
2023-04-16 19:34:56.587 [main] INFO  org.example.Main - [SUBTRACTION] - 3.45672 FROM 9.0
2023-04-16 19:34:56.588 [main] INFO  org.example.Main - [RESULT - SUBTRACTION] - 5.54328
2023-04-16 19:49:41.593 [main] INFO  org.example.Main - [FACTORIAL] - 5.0
2023-04-16 19:49:41.595 [main] INFO  org.example.Main - [RESULT - FACTORIAL] - 120.0
2023-04-16 19:49:41.595 [main] INFO  org.example.Main - [FACTORIAL] - 6.0
2023-04-16 19:49:41.595 [main] INFO  org.example.Main - [RESULT - FACTORIAL] - 720.0
2023-04-16 19:49:41.595 [main] INFO  org.example.Main - [FACTORIAL] - 4.0
2023-04-16 19:49:41.595 [main] INFO  org.example.Main - [RESULT - FACTORIAL] - 24.0
2023-04-16 19:49:41.596 [main] INFO  org.example.Main - [FACTORIAL] - 2.0
2023-04-16 19:49:41.596 [main] INFO  org.example.Main - [RESULT - FACTORIAL] - 2.0
2023-04-16 19:49:41.596 [main] INFO  org.example.Main - [FACTORIAL] - 0.0
2023-04-16 19:49:41.596 [main] INFO  org.example.Main - [RESULT - FACTORIAL] - 1.0
2023-04-16 19:49:41.597 [main] INFO  org.example.Main - [SQUARE ROOT] - 16.0
2023-04-16 19:49:41.597 [main] INFO  org.example.Main - [RESULT - SQUARE ROOT] - 4.0
2023-04-16 19:49:41.597 [main] INFO  org.example.Main - [SQUARE ROOT] - 1.0
2023-04-16 19:49:41.598 [main] INFO  org.example.Main - [RESULT - SQUARE ROOT] - 1.0
2023-04-16 19:49:41.598 [main] INFO  org.example.Main - [SQUARE ROOT] - 81.0
2023-04-16 19:49:41.598 [main] INFO  org.example.Main - [RESULT - SQUARE ROOT] - 9.0
2023-04-16 19:49:41.598 [main] INFO  org.example.Main - [SQUARE ROOT] - 36.0
2023-04-16 19:49:41.598 [main] INFO  org.example.Main - [RESULT - SQUARE ROOT] - 6.0
2023-04-16 19:49:41.604 [main] INFO  org.example.Main - [ADDITION] - 4.56 TO 2.34
2023-04-16 19:49:41.605 [main] INFO  org.example.Main - [RESULT - ADDITION] - 6.8999999999999995
2023-04-16 19:49:41.605 [main] INFO  org.example.Main - [ADDITION] - 3.45672 TO 9.0
2023-04-16 19:49:41.605 [main] INFO  org.example.Main - [RESULT - ADDITION] - 12.45672
2023-04-16 19:49:41.605 [main] INFO  org.example.Main - [ADDITION] - 4.0 TO 2.3221
2023-04-16 19:49:41.605 [main] INFO  org.example.Main - [RESULT - ADDITION] - 6.3221
2023-04-16 19:49:41.606 [main] INFO  org.example.Main - [ADDITION] - 3.0 TO 9.0
2023-04-16 19:49:41.606 [main] INFO  org.example.Main - [RESULT - ADDITION] - 12.0
2023-04-16 19:49:41.606 [main] INFO  org.example.Main - [SQUARE ROOT] - 3.0
2023-04-16 19:49:41.606 [main] INFO  org.example.Main - [RESULT - SQUARE ROOT] - 1.7320508075688772
2023-04-16 19:49:41.606 [main] INFO  org.example.Main - [SQUARE ROOT] - 4.0
2023-04-16 19:49:41.606 [main] INFO  org.example.Main - [RESULT - SQUARE ROOT] - 2.0
2023-04-16 19:49:41.607 [main] INFO  org.example.Main - [SQUARE ROOT] - 81.0
2023-04-16 19:49:41.607 [main] INFO  org.example.Main - [RESULT - SQUARE ROOT] - 9.0
2023-04-16 19:49:41.607 [main] INFO  org.example.Main - [SQUARE ROOT] - 36.0
2023-04-16 19:49:41.607 [main] INFO  org.example.Main - [RESULT - SQUARE ROOT] - 6.0
2023-04-16 19:49:41.608 [main] INFO  org.example.Main - [SUBTRACTION] - 4.0 FROM 78.3221
2023-04-16 19:49:41.608 [main] INFO  org.example.Main - [RESULT - SUBTRACTION] - 74.3221
2023-04-16 19:49:41.608 [main] INFO  org.example.Main - [SUBTRACTION] - 1.0 FROM 9.0
2023-04-16 19:49:41.608 [main] INFO  org.example.Main - [RESULT - SUBTRACTION] - 8.0
2023-04-16 19:49:41.609 [main] INFO  org.example.Main - [NATURAL LOG] - 1.0
2023-04-16 19:49:41.609 [main] INFO  org.example.Main - [RESULT - NATURAL LOG] - 0.0
2023-04-16 19:49:41.610 [main] INFO  org.example.Main - [FACTORIAL] - 6.0
2023-04-16 19:49:41.610 [main] INFO  org.example.Main - [RESULT - FACTORIAL] - 720.0
2023-04-16 19:49:41.610 [main] INFO  org.example.Main - [FACTORIAL] - 1.0
2023-04-16 19:49:41.610 [main] INFO  org.example.Main - [RESULT - FACTORIAL] - 1.0
2023-04-16 19:49:41.610 [main] INFO  org.example.Main - [FACTORIAL] - 3.0
2023-04-16 19:49:41.610 [main] INFO  org.example.Main - [RESULT - FACTORIAL] - 6.0
2023-04-16 19:49:41.610 [main] INFO  org.example.Main - [FACTORIAL] - 4.0
2023-04-16 19:49:41.611 [main] INFO  org.example.Main - [RESULT - FACTORIAL] - 24.0
2023-04-16 19:49:41.611 [main] INFO  org.example.Main - [FACTORIAL] - 0.0
2023-04-16 19:49:41.611 [main] INFO  org.example.Main - [RESULT - FACTORIAL] - 1.0
2023-04-16 19:49:41.612 [main] INFO  org.example.Main - [MULTIPLICATION] - 0.678 TO 2.34
2023-04-16 19:49:41.612 [main] INFO  org.example.Main - [RESULT - MULTIPLICATION] - 1.58652
2023-04-16 19:49:41.612 [main] INFO  org.example.Main - [MULTIPLICATION] - 0.0 TO 9.87
2023-04-16 19:49:41.612 [main] INFO  org.example.Main - [RESULT - MULTIPLICATION] - 0.0
2023-04-16 19:49:41.613 [main] INFO  org.example.Main - [POWER - 2.0 RAISED TO] 3.0
2023-04-16 19:49:41.614 [main] INFO  org.example.Main - [RESULT - POWER] - 8.0
2023-04-16 19:49:41.614 [main] INFO  org.example.Main - [POWER - 3.0 RAISED TO] 3.0
2023-04-16 19:49:41.614 [main] INFO  org.example.Main - [RESULT - POWER] - 27.0
2023-04-16 19:49:41.614 [main] INFO  org.example.Main - [POWER - 4.0 RAISED TO] 3.0
2023-04-16 19:49:41.615 [main] INFO  org.example.Main - [RESULT - POWER] - 64.0
2023-04-16 19:49:41.615 [main] INFO  org.example.Main - [POWER - 5.0 RAISED TO] 3.0
2023-04-16 19:49:41.615 [main] INFO  org.example.Main - [RESULT - POWER] - 125.0
2023-04-16 19:49:41.616 [main] INFO  org.example.Main - [MULTIPLICATION] - 4.0 TO 78.3221
2023-04-16 19:49:41.617 [main] INFO  org.example.Main - [RESULT - MULTIPLICATION] - 313.2884
2023-04-16 19:49:41.617 [main] INFO  org.example.Main - [MULTIPLICATION] - 1.0 TO 9.0
2023-04-16 19:49:41.617 [main] INFO  org.example.Main - [RESULT - MULTIPLICATION] - 9.0
2023-04-16 19:49:41.618 [main] INFO  org.example.Main - [DIVISION] - 0.678 BY 2.34
2023-04-16 19:49:41.618 [main] INFO  org.example.Main - [RESULT - DIVISION] - 3.451327433628318
2023-04-16 19:49:41.619 [main] INFO  org.example.Main - [DIVISION] - 1.0 BY 9.87
2023-04-16 19:49:41.619 [main] INFO  org.example.Main - [RESULT - DIVISION] - 9.87
2023-04-16 19:49:41.619 [main] INFO  org.example.Main - [POWER - 2.0 RAISED TO] 3.0
2023-04-16 19:49:41.619 [main] INFO  org.example.Main - [RESULT - POWER] - 8.0
2023-04-16 19:49:41.620 [main] INFO  org.example.Main - [POWER - 1.0 RAISED TO] 3.0
2023-04-16 19:49:41.620 [main] INFO  org.example.Main - [RESULT - POWER] - 1.0
2023-04-16 19:49:41.620 [main] INFO  org.example.Main - [POWER - 3.0 RAISED TO] 4.0
2023-04-16 19:49:41.620 [main] INFO  org.example.Main - [RESULT - POWER] - 81.0
2023-04-16 19:49:41.620 [main] INFO  org.example.Main - [POWER - 4.0 RAISED TO] 3.0
2023-04-16 19:49:41.620 [main] INFO  org.example.Main - [RESULT - POWER] - 64.0
2023-04-16 19:49:41.621 [main] INFO  org.example.Main - [POWER - 5.0 RAISED TO] 2.0
2023-04-16 19:49:41.621 [main] INFO  org.example.Main - [RESULT - POWER] - 25.0
2023-04-16 19:49:41.621 [main] INFO  org.example.Main - [NATURAL LOG] - 2.4
2023-04-16 19:49:41.622 [main] INFO  org.example.Main - [RESULT - NATURAL LOG] - 0.8754687373538999
2023-04-16 19:49:41.622 [main] INFO  org.example.Main - [NATURAL LOG] - 2.1
2023-04-16 19:49:41.622 [main] INFO  org.example.Main - [RESULT - NATURAL LOG] - 0.7419373447293773
2023-04-16 19:49:41.622 [main] INFO  org.example.Main - [DIVISION] - 4.0 BY 78.3221
2023-04-16 19:49:41.623 [main] INFO  org.example.Main - [RESULT - DIVISION] - 19.580525
2023-04-16 19:49:41.623 [main] INFO  org.example.Main - [DIVISION] - 1.0 BY 9.0
2023-04-16 19:49:41.623 [main] INFO  org.example.Main - [RESULT - DIVISION] - 9.0
2023-04-16 19:49:41.624 [main] INFO  org.example.Main - [SUBTRACTION] - 0.678 FROM 2.34
2023-04-16 19:49:41.624 [main] INFO  org.example.Main - [RESULT - SUBTRACTION] - 1.662
2023-04-16 19:49:41.624 [main] INFO  org.example.Main - [SUBTRACTION] - 3.45672 FROM 9.0
2023-04-16 19:49:41.624 [main] INFO  org.example.Main - [RESULT - SUBTRACTION] - 5.54328
